#
# There is insufficient memory for the Java Runtime Environment to continue.
# Native memory allocation (mmap) failed to map 4161536 bytes. Error detail: G1 virtual space
# Possible reasons:
#   The system is out of physical RAM or swap space
#   This process is running with CompressedOops enabled, and the Java Heap may be blocking the growth of the native heap
# Possible solutions:
#   Reduce memory load on the system
#   Increase physical memory or swap space
#   Check if swap backing store is full
#   Decrease Java heap size (-Xmx/-Xms)
#   Decrease number of Java threads
#   Decrease Java thread stack sizes (-Xss)
#   Set larger code cache with -XX:ReservedCodeCacheSize=
#   JVM is running with Zero Based Compressed Oops mode in which the Java heap is
#     placed in the first 32GB address space. The Java Heap base address is the
#     maximum limit for the native heap growth. Please use -XX:HeapBaseMinAddress
#     to set the Java Heap base and to place the Java Heap above 32GB virtual address.
# This output file may be truncated or incomplete.
#
#  Out of Memory Error (os_windows.cpp:3631), pid=13320, tid=16328
#
# JRE version:  (22.0.1+8) (build )
# Java VM: OpenJDK 64-Bit Server VM (22.0.1+8-16, mixed mode, emulated-client, sharing, tiered, compressed oops, compressed class ptrs, g1 gc, windows-amd64)
# No core dump will be written. Minidumps are not enabled by default on client versions of Windows
#

---------------  S U M M A R Y ------------

Command Line: -XX:TieredStopAtLevel=1 -Dspring.output.ansi.enabled=always -Dcom.sun.management.jmxremote -Dspring.jmx.enabled=true -Dspring.liveBeansView.mbeanDomain -Dspring.application.admin.enabled=true -javaagent:C:\Program Files\JetBrains\IntelliJ IDEA 2022.2\lib\idea_rt.jar=50622:C:\Program Files\JetBrains\IntelliJ IDEA 2022.2\bin -Dfile.encoding=UTF-8 spring.course.Main

Host: Intel(R) Core(TM) i5-10300H CPU @ 2.50GHz, 8 cores, 15G,  Windows 10 , 64 bit Build 19041 (10.0.19041.3636)
Time: Sat Apr 20 19:04:59 2024 Central European Daylight Time elapsed time: 0.027401 seconds (0d 0h 0m 0s)

---------------  T H R E A D  ---------------

Current thread (0x00000219a0752500):  JavaThread "Unknown thread" [_thread_in_vm, id=16328, stack(0x000000a5cdf00000,0x000000a5ce000000) (1024K)]

Stack: [0x000000a5cdf00000,0x000000a5ce000000]
Native frames: (J=compiled Java code, j=interpreted, Vv=VM code, C=native code)
V  [jvm.dll+0x6e2279]  (no source info available)
V  [jvm.dll+0x874e33]  (no source info available)
V  [jvm.dll+0x87725e]  (no source info available)
V  [jvm.dll+0x877933]  (no source info available)
V  [jvm.dll+0x27fd76]  (no source info available)
V  [jvm.dll+0x6de915]  (no source info available)
V  [jvm.dll+0x6d341a]  (no source info available)
V  [jvm.dll+0x3589da]  (no source info available)
V  [jvm.dll+0x360f06]  (no source info available)
V  [jvm.dll+0x3b3e43]  (no source info available)
V  [jvm.dll+0x3b40d8]  (no source info available)
V  [jvm.dll+0x32c59c]  (no source info available)
V  [jvm.dll+0x32d158]  (no source info available)
V  [jvm.dll+0x83ccdc]  (no source info available)
V  [jvm.dll+0x3c0d71]  (no source info available)
V  [jvm.dll+0x825ccc]  (no source info available)
V  [jvm.dll+0x45b8fe]  (no source info available)
V  [jvm.dll+0x45d781]  (no source info available)
C  [jli.dll+0x52a3]  (no source info available)
C  [ucrtbase.dll+0x21bb2]  (no source info available)
C  [KERNEL32.DLL+0x17344]  (no source info available)
C  [ntdll.dll+0x526b1]  (no source info available)


---------------  P R O C E S S  ---------------

Threads class SMR info:
_java_thread_list=0x00007ffa9aeeb1c8, length=0, elements={
}

Java Threads: ( => current thread )
Total: 0

Other Threads:
  0x00000219a29dd170 WorkerThread "GC Thread#0"                     [id=17964, stack(0x000000a5ce000000,0x000000a5ce100000) (1024K)]
  0x00000219a29edf20 ConcurrentGCThread "G1 Main Marker"            [id=3712, stack(0x000000a5ce100000,0x000000a5ce200000) (1024K)]
  0x00000219a29f10f0 WorkerThread "G1 Conc#0"                       [id=5688, stack(0x000000a5ce200000,0x000000a5ce300000) (1024K)]

[error occurred during error reporting (printing all threads), id 0xc0000005, EXCEPTION_ACCESS_VIOLATION (0xc0000005) at pc=0x00007ffa9a63f367]
VM state: not at safepoint (not fully initialized)

VM Mutex/Monitor currently owned by a thread:  ([mutex/lock_event])
[0x00007ffa9af6bcb8] Heap_lock - owner thread: 0x00000219a0752500

Heap address: 0x0000000703000000, size: 4048 MB, Compressed Oops mode: Zero based, Oop shift amount: 3

CDS archive(s) mapped at: [0x0000000000000000-0x0000000000000000-0x0000000000000000), size 0, SharedBaseAddress: 0x0000000800000000, ArchiveRelocationMode: 1.
Narrow klass base: 0x0000000000000000, Narrow klass shift: 0, Narrow klass range: 0x0

GC Precious Log:
 CardTable entry size: 512
 Card Set container configuration: InlinePtr #cards 4 size 8 Array Of Cards #cards 16 size 48 Howl #buckets 8 coarsen threshold 3686 Howl Bitmap #cards 512 size 80 coarsen threshold 460 Card regions per heap region 1 cards per card region 4096

Heap:
 garbage-first heap   total reserved 4145152K, committed 0K, used 0K [0x0000000703000000, 0x0000000800000000)
  region size 2048K, 0 young (0K), 0 survivors (0K)

[error occurred during error reporting (printing heap information), id 0xc0000005, EXCEPTION_ACCESS_VIOLATION (0xc0000005) at pc=0x00007ffa9aa3e429]
GC Heap History (0 events):
No events

Dll operation events (1 events):
Event: 0.023 Loaded shared library C:\Users\HP\.jdks\openjdk-22.0.1\bin\java.dll

Deoptimization events (0 events):
No events

Classes loaded (0 events):
No events

Classes unloaded (0 events):
No events

Classes redefined (0 events):
No events

Internal exceptions (0 events):
No events

ZGC Phase Switch (0 events):
No events

VM Operations (0 events):
No events

Events (0 events):
No events


Dynamic libraries:
0x00007ff78d870000 - 0x00007ff78d87e000 	C:\Users\HP\.jdks\openjdk-22.0.1\bin\java.exe
0x00007ffae81f0000 - 0x00007ffae83e8000 	C:\Windows\SYSTEM32\ntdll.dll
0x00007ffae6220000 - 0x00007ffae62dd000 	C:\Windows\System32\KERNEL32.DLL
0x00007ffae5940000 - 0x00007ffae5c36000 	C:\Windows\System32\KERNELBASE.dll
0x00007ffae6070000 - 0x00007ffae6170000 	C:\Windows\System32\ucrtbase.dll
0x00007ffad8180000 - 0x00007ffad8197000 	C:\Users\HP\.jdks\openjdk-22.0.1\bin\jli.dll
0x00007ffad86c0000 - 0x00007ffad86db000 	C:\Users\HP\.jdks\openjdk-22.0.1\bin\VCRUNTIME140.dll
0x00007ffae6ca0000 - 0x00007ffae6e3f000 	C:\Windows\System32\USER32.dll
0x00007ffabb3f0000 - 0x00007ffabb68a000 	C:\Windows\WinSxS\amd64_microsoft.windows.common-controls_6595b64144ccf1df_6.0.19041.3636_none_60b6a03d71f818d5\COMCTL32.dll
0x00007ffae5dc0000 - 0x00007ffae5de2000 	C:\Windows\System32\win32u.dll
0x00007ffae7c50000 - 0x00007ffae7cee000 	C:\Windows\System32\msvcrt.dll
0x00007ffae67e0000 - 0x00007ffae680b000 	C:\Windows\System32\GDI32.dll
0x00007ffae5df0000 - 0x00007ffae5f07000 	C:\Windows\System32\gdi32full.dll
0x00007ffae5d20000 - 0x00007ffae5dbd000 	C:\Windows\System32\msvcp_win.dll
0x00007ffae80c0000 - 0x00007ffae80f2000 	C:\Windows\System32\IMM32.DLL
0x00007ffad86f0000 - 0x00007ffad86fc000 	C:\Users\HP\.jdks\openjdk-22.0.1\bin\vcruntime140_1.dll
0x00007ffab7c40000 - 0x00007ffab7cce000 	C:\Users\HP\.jdks\openjdk-22.0.1\bin\msvcp140.dll
0x00007ffa9a300000 - 0x00007ffa9b047000 	C:\Users\HP\.jdks\openjdk-22.0.1\bin\server\jvm.dll
0x00007ffae75b0000 - 0x00007ffae7660000 	C:\Windows\System32\ADVAPI32.dll
0x00007ffae65d0000 - 0x00007ffae6670000 	C:\Windows\System32\sechost.dll
0x00007ffae6970000 - 0x00007ffae6a93000 	C:\Windows\System32\RPCRT4.dll
0x00007ffae5910000 - 0x00007ffae5937000 	C:\Windows\System32\bcrypt.dll
0x00007ffae6c30000 - 0x00007ffae6c9b000 	C:\Windows\System32\WS2_32.dll
0x00007ffae4da0000 - 0x00007ffae4deb000 	C:\Windows\SYSTEM32\POWRPROF.dll
0x00007ffade360000 - 0x00007ffade36a000 	C:\Windows\SYSTEM32\VERSION.dll
0x00007ffad97a0000 - 0x00007ffad97c7000 	C:\Windows\SYSTEM32\WINMM.dll
0x00007ffae4c60000 - 0x00007ffae4c72000 	C:\Windows\SYSTEM32\UMPDC.dll
0x00007ffae4080000 - 0x00007ffae4092000 	C:\Windows\SYSTEM32\kernel.appcore.dll
0x00007ffad8220000 - 0x00007ffad822a000 	C:\Users\HP\.jdks\openjdk-22.0.1\bin\jimage.dll
0x00007ffae34a0000 - 0x00007ffae3684000 	C:\Windows\SYSTEM32\DBGHELP.DLL
0x00007ffadb6a0000 - 0x00007ffadb6d4000 	C:\Windows\SYSTEM32\dbgcore.DLL
0x00007ffae5c40000 - 0x00007ffae5cc2000 	C:\Windows\System32\bcryptPrimitives.dll
0x00007ffadfd20000 - 0x00007ffadfd2f000 	C:\Users\HP\.jdks\openjdk-22.0.1\bin\instrument.dll
0x00007ffad80c0000 - 0x00007ffad80de000 	C:\Users\HP\.jdks\openjdk-22.0.1\bin\java.dll
0x00007ffae6e40000 - 0x00007ffae75ab000 	C:\Windows\System32\SHELL32.dll
0x00007ffae6aa0000 - 0x00007ffae6bcb000 	C:\Windows\System32\ole32.dll
0x00007ffae7d60000 - 0x00007ffae80b3000 	C:\Windows\System32\combase.dll

dbghelp: loaded successfully - version: 4.0.5 - missing functions: none
symbol engine: initialized successfully - sym options: 0x614 - pdb path: .;C:\Users\HP\.jdks\openjdk-22.0.1\bin;C:\Windows\SYSTEM32;C:\Windows\WinSxS\amd64_microsoft.windows.common-controls_6595b64144ccf1df_6.0.19041.3636_none_60b6a03d71f818d5;C:\Users\HP\.jdks\openjdk-22.0.1\bin\server

VM Arguments:
jvm_args: -XX:TieredStopAtLevel=1 -Dspring.output.ansi.enabled=always -Dcom.sun.management.jmxremote -Dspring.jmx.enabled=true -Dspring.liveBeansView.mbeanDomain -Dspring.application.admin.enabled=true -javaagent:C:\Program Files\JetBrains\IntelliJ IDEA 2022.2\lib\idea_rt.jar=50622:C:\Program Files\JetBrains\IntelliJ IDEA 2022.2\bin -Dfile.encoding=UTF-8 
java_command: spring.course.Main
java_class_path (initial): C:\Users\HP\IdeaProjects\spring-boot-course\build\classes\java\main;C:\Users\HP\IdeaProjects\spring-boot-course\build\resources\main;C:\Users\HP\.gradle\caches\modules-2\files-2.1\org.springframework.boot\spring-boot-starter-web\3.2.4\a74df12b71060da7c8e87f9a8c2ef4ea43fc8017\spring-boot-starter-web-3.2.4.jar;C:\Users\HP\.gradle\caches\modules-2\files-2.1\com.konghq\unirest-java\3.14.5\bb43cef05994d07795e99e0a548f9226dbb76fca\unirest-java-3.14.5.jar;C:\Users\HP\.gradle\caches\modules-2\files-2.1\org.springframework.boot\spring-boot-starter-data-jpa\3.2.5\99c1272c135f1c44b0c94ed0b65dca9b201323b7\spring-boot-starter-data-jpa-3.2.5.jar;C:\Users\HP\.gradle\caches\modules-2\files-2.1\javax.xml.bind\jaxb-api\2.4.0-b180830.0359\b54184b7dcab2031add3f525550c7f1b7e12209d\jaxb-api-2.4.0-b180830.0359.jar;C:\Users\HP\.gradle\caches\modules-2\files-2.1\mysql\mysql-connector-java\8.0.28\33678b1729d4f832b9e4bcb2d5bbd67940920a7a\mysql-connector-java-8.0.28.jar;C:\Users\HP\.gradle\caches\modules-2\files-2.1\org.springframework.boot\spring-boot-starter-json\3.2.4\ef3f72369ce7f6f7a7b02c0b23e60ef5bdf581b1\spring-boot-starter-json-3.2.4.jar;C:\Users\HP\.gradle\caches\modules-2\files-2.1\org.springframework.boot\spring-boot-starter\3.2.5\a9837a876129cc6fe5f3abf1de5ec0a16faaf003\spring-boot-starter-3.2.5.jar;C:\Users\HP\.gradle\caches\modules-2\files-2.1\org.springframework.boot\spring-boot-starter-tomcat\3.2.4\ffa632eeaaf1a4e807ec4bbcc1938f7d43096472\spring-boot-starter-tomcat-3.2.4.jar;C:\Users\HP\.gradle\caches\modules-2\files-2.1\org.springframework\spring-webmvc\6.1.5\92809fce136e0b662dc9325529443386ba5ec2c6\spring-webmvc-6.1.5.jar;C:\Users\HP\.gradle\caches\modules-2\files-2.1\org.springframework\spring-web\6.1.5\4f4e92cc52ee33260f1ee0cdc7b7a2f22d49708c\spring-web-6.1.5.jar;C:\Users\HP\.gradle\caches\modules-2\files-2.1\org.apache.httpcomponents\httpmime\4.5.13\efc110bad4a0d45cda7858e6beee1d8a8313da5a\httpmime-4.5.13.jar;C:\Users\HP\.gradle\caches\modules-2\files-2.1\org.apache.httpcomponents\httpclient\4.5.13\e5f6cae5ca7ecaac1ec2827a9e2d65ae2869cada\httpclient-4.5.13.jar;C:\Users\HP\.gradle\caches\modules-2\files-2.1\org.apache.httpcomponents\httpcore-nio\4.4.13\3f897ace4d7f10f0ea6a58f524a3b105dd483653\httpcore-nio-4.4.13.jar;C:\Users\HP\.gradle\caches\modules-2\files-2.1\org.apache.httpcomponents\httpasyncclient\4.1.5\cd18227f1eb8e9a263286c1d7362ceb24f6f9b32\httpasyncclient-4.1.5.jar;C:\Users\HP\.gradle\caches\modules-2\files-2.1\commons-codec\commons-codec\1.15\49d94806b6e3dc933dacbd8acb0fdbab8ebd1e5d\commons-codec-1.15.jar;C:\Users\HP\.gradle\caches\modules-2\files-2.1\com.google.code.gson\gson\2.10\dd9b193aef96e973d5a11ab13cd17430c2e4306b\gson-2.10.jar;C:\Users\HP\.gradle\caches\modules-2\files-2.1\org.springframework.boot\spring-boot-starter-aop\3.2.5\1c6c5d81e6c7f8b3e255c9e384153e9f52a93d1b\spring-boot-starter-aop-3.2.5.jar;C:\Users\HP\.gradle\caches\modules-2\files-2.1\org.springframework.boot\spring-boot-starter-jdbc\3.2.5\2fc156645b02bef43dcd4e697ae6f4ba9388a978\spring-boot-starter-jdbc-3.2.5.jar;C:\Users\HP\.gradle\caches\modules-2\files-2.1\org.hibernate.orm\hibernate-core\6.4.4.Final\5c9decb3c5a70bf7801d41fc32633416c26be069\hibernate-core-6.4.4.Final.jar;C:\Users\HP\.gradle\caches\modules-2\files-2.1\org.springframework.data\spring-data-jpa\3.2.5\f5c674caedc0132c7865b9a2edaa04b8f5351262\spring-data-jpa-3.2.5.jar;C:\Users\HP\.gradle\caches\modules-2\files-2.1\org.springframework\spring-aspects\6.1.6\409aba797564c23c08e2307f2df728aed117e914\spring-aspects-6.1.6.jar;C:\Users\HP\.gradle\caches\modules-2\files-2.1\javax.activation\javax.activation-api\1.2.0\85262acf3ca9816f9537ca47d5adeabaead7cb16\javax.activation-api-1.2.0.jar;C:\Users\HP\.gradle\caches\modules-2\files-2.1\com.google.protobuf\protobuf-java\3.11.4\7ec0925cc3aef0335bbc7d57edfd42b0f86f8267\protobuf-java-3.11.4.jar;C:\Users\HP\.gradle\caches\modules-2\files-2.1\com.fasterxml.jackson.datatype\jackson-datatype-jsr310\2.15.4\7de629770a4559db57128d35ccae7d2fddd35db3\jackson-datatype-jsr310-2.15.4.jar;C:\Users\HP\.gradle\caches\modules-2\files-2.1\com.fasterxml.jackson.module\jackson-module-parameter-names\2.15.4\e654497a08359db2521b69b5f710e00836915d8c\jackson-module-parameter-names-2.15.4.jar;C:\Users\HP\.gradle\caches\modules-2\files-2.1\com.fasterxml.jackson.datatype\jackson-datatype-jdk8\2.15.4\694777f182334a21bf1aeab1b04cc4398c801f3f\jackson-datatype-jdk8-2.15.4.jar;C:\Users\HP\.gradle\caches\modules-2\files-2.1\com.fasterxml.jackson.core\jackson-databind\2.15.4\560309fc381f77d4d15c4a4cdaa0db5025c4fd13\jackson-databind-2.15.4.jar;C:\Users\HP\.gradle\caches\modules-2\files-2.1\org.springframework.boot\spring-boot-autoconfigure\3.2.5\6385a2c00a03edb896b2833e4bdee2ae53cd69b8\spring-boot-autoconfigure-3.2.5.jar;C:\Users\HP\.gradle\caches\modules-2\files-2.1\org.springframework.boot\spring-boot\3.2.5\eec72431f6f56a50c9919129665ba3359ca02104\spring-boot-3.2.5.jar;C:\Users\HP\.gradle\caches\modules-2\files-2.1\org.springframework.boot\spring-boot-starter-logging\3.2.5\28cf3a346da7bb624381ccc21d7a27500181de63\spring-boot-starter-logging-3.2.5.jar;C:\Users\HP\.gradle\caches\modules-2\files-2.1\jakarta.annotation\jakarta.annotation-api\2.1.1\48b9bda22b091b1f48b13af03fe36db3be6e1ae3\jakarta.annotation-api-2.1.1.jar;C:\Users\HP\.gradle\caches\modules-2\files-2.1\org.springframework\spring-core\6.1.6\dea4b8e110b7b54a02a4907e32dbb0adee8a7168\spring-core-6.1.6.jar;C:\Users\HP\.gradle\caches\modules-2\files-2.1\org.yaml\snakeyaml\2.2\3af797a25458550a16bf89acc8e4ab2b7f2bfce0\snakeyaml-2.2.jar;C:\Users\HP\.gradle\caches\modules-2\files-2.1\org.apache.tomcat.embed\tomcat-embed-websocket\10.1.19\adf4710fac2471236f8a466ca678cdf7e6a8257c\tomcat-embed-websocket-10.1.19.jar;C:\Users\HP\.gradle\caches\modules-2\files-2.1\org.apache.tomcat.embed\tomcat-embed-core\10.1.19\3dbbca8acbd4dd6a137c3d6f934a2931512b42ce\tomcat-embed-core-10.1.19.jar;C:\Users\HP\.gradle\caches\modules-2\files-2.1\org.apache.tomcat.embed\tomcat-embed-el\10.1.19\c61a582c391aca130884a5421deedfe1a96c7415\tomcat-embed-el-10.1.19.jar;C:\Users\HP\.gradle\caches\modules-2\files-2.1\org.springframework\spring-context\6.1.6\2be30298638975efaf7fff22f1570d79b2679814\spring-context-6.1.6.jar;C:\Users\HP\.gradle\caches\modules-2\files-2.1\org.springframework\spring-aop\6.1.6\4958f52cb9fcb3adf7e836304550de5431a9347e\spring-aop-6.1.6.jar;C:\Users\HP\.gradle\caches\modules-2\files-2.1\org.springframework\spring-beans\6.1.6\332d80ff134420db4ebf7614758e6a02a9bd3c41\spring-beans-6.1.6.jar;C:\Users\HP\.gradle\caches\modules-2\files-2.1\org.springframework\spring-expression\6.1.6\9c3d7f0e17a919a4ea9f087e4e2140ad39776bc8\spring-expression-6.1.6.jar;C:\Users\HP\.gradle\caches\modules-2\files-2.1\io.micrometer\micrometer-observation\1.12.5\ee23704259a1aad5c8f503db4d37cdfe5352e766\micrometer-observation-1.12.5.jar;C:\Users\HP\.gradle\caches\modules-2\files-2.1\org.apache.httpcomponents\httpcore\4.4.13\853b96d3afbb7bf8cc303fe27ee96836a10c1834\httpcore-4.4.13.jar;C:\Users\HP\.gradle\caches\modules-2\files-2.1\commons-logging\commons-logging\1.2\4bfc12adfe4842bf07b657f0369c4cb522955686\commons-logging-1.2.jar;C:\Users\HP\.gradle\caches\modules-2\files-2.1\org.aspectj\aspectjweaver\1.9.22\10736ab74a53af5e2e1b07e76335a5391526b6f8\aspectjweaver-1.9.22.jar;C:\Users\HP\.gradle\caches\modules-2\files-2.1\org.springframework\spring-jdbc\6.1.6\3f8a440a49c15264ff438598b715bd00c5a88109\spring-jdbc-6.1.6.jar;C:\Users\HP\.gradle\caches\modules-2\files-2.1\com.zaxxer\HikariCP\5.0.1\a74c7f0a37046846e88d54f7cb6ea6d565c65f9c\HikariCP-5.0.1.jar;C:\Users\HP\.gradle\caches\modules-2\files-2.1\jakarta.persistence\jakarta.persistence-api\3.1.0\66901fa1c373c6aff65c13791cc11da72060a8d6\jakarta.persistence-api-3.1.0.jar;C:\Users\HP\.gradle\caches\modules-2\files-2.1\jakarta.transaction\jakarta.transaction-api\2.0.1\51a520e3fae406abb84e2e1148e6746ce3f80a1a\jakarta.transaction-api-2.0.1.jar;C:\Users\HP\.gradle\caches\modules-2\files-2.1\org.springframework\spring-orm\6.1.6\c8687b15d3ae95769cef73626e62ffc7fff7e0bf\spring-orm-6.1.6.jar;C:\Users\HP\.gradle\caches\modules-2\files-2.1\org.springframework.data\spring-data-commons\3.2.5\d4bb5a08fad512b345ae4077bdf0f50c95eed07\spring-data-commons-3.2.5.jar;C:\Users\HP\.gradle\caches\modules-2\files-2.1\org.springframework\spring-tx\6.1.6\4e18554fb6669f266108cc838a4619bbc8f7db8d\spring-tx-6.1.6.jar;C:\Users\HP\.gradle\caches\modules-2\files-2.1\org.antlr\antlr4-runtime\4.13.0\5a02e48521624faaf5ff4d99afc88b01686af655\antlr4-runtime-4.13.0.jar;C:\Users\HP\.gradle\caches\modules-2\files-2.1\org.slf4j\slf4j-api\2.0.13\80229737f704b121a318bba5d5deacbcf395bc77\slf4j-api-2.0.13.jar;C:\Users\HP\.gradle\caches\modules-2\files-2.1\com.fasterxml.jackson.core\jackson-annotations\2.15.4\5223ea5a9bf52cdc9c5e537a0e52f2432eaf208b\jackson-annotations-2.15.4.jar;C:\Users\HP\.gradle\caches\modules-2\files-2.1\com.fasterxml.jackson.core\jackson-core\2.15.4\aebe84b45360debad94f692a4074c6aceb535fa0\jackson-core-2.15.4.jar;C:\Users\HP\.gradle\caches\modules-2\files-2.1\ch.qos.logback\logback-classic\1.4.14\d98bc162275134cdf1518774da4a2a17ef6fb94d\logback-classic-1.4.14.jar;C:\Users\HP\.gradle\caches\modules-2\files-2.1\org.apache.logging.log4j\log4j-to-slf4j\2.21.1\d77b2ba81711ed596cd797cc2b5b5bd7409d841c\log4j-to-slf4j-2.21.1.jar;C:\Users\HP\.gradle\caches\modules-2\files-2.1\org.slf4j\jul-to-slf4j\2.0.13\a3bcd9d9dd50c71ce69f06b1fd05e40fdeff6ba5\jul-to-slf4j-2.0.13.jar;C:\Users\HP\.gradle\caches\modules-2\files-2.1\org.springframework\spring-jcl\6.1.6\84cb19b30b22feca73c2ac005ca849c5890935a3\spring-jcl-6.1.6.jar;C:\Users\HP\.gradle\caches\modules-2\files-2.1\io.micrometer\micrometer-commons\1.12.5\da45afd81a6a05267df5ddfe10438ea857e0f7d9\micrometer-commons-1.12.5.jar;C:\Users\HP\.gradle\caches\modules-2\files-2.1\ch.qos.logback\logback-core\1.4.14\4d3c2248219ac0effeb380ed4c5280a80bf395e8\logback-core-1.4.14.jar;C:\Users\HP\.gradle\caches\modules-2\files-2.1\org.apache.logging.log4j\log4j-api\2.21.1\74c65e87b9ce1694a01524e192d7be989ba70486\log4j-api-2.21.1.jar;C:\Users\HP\.gradle\caches\modules-2\files-2.1\org.jboss.logging\jboss-logging\3.5.0.Final\c19307cc11f28f5e2679347e633a3294d865334d\jboss-logging-3.5.0.Final.jar;C:\Users\HP\.gradle\caches\modules-2\files-2.1\org.hibernate.common\hibernate-commons-annotations\6.0.6.Final\77a5f94b56d49508e0ee334751db5b78e5ccd50c\hibernate-commons-annotations-6.0.6.Final.jar;C:\Users\HP\.gradle\caches\modules-2\files-2.1\io.smallrye\jandex\3.1.2\a6c1c89925c7df06242b03dddb353116ceb9584c\jandex-3.1.2.jar;C:\Users\HP\.gradle\caches\modules-2\files-2.1\com.fasterxml\classmate\1.5.1\3fe0bed568c62df5e89f4f174c101eab25345b6c\classmate-1.5.1.jar;C:\Users\HP\.gradle\caches\modules-2\files-2.1\net.bytebuddy\byte-buddy\1.14.11\725602eb7c8c56b51b9c21f273f9df5c909d9e7d\byte-buddy-1.14.11.jar;C:\Users\HP\.gradle\caches\modules-2\files-2.1\org.glassfish.jaxb\jaxb-runtime\4.0.2\e4e4e0c5b0d42054d00dc4023901572a60d368c7\jaxb-runtime-4.0.2.jar;C:\Users\HP\.gradle\caches\modules-2\files-2.1\jakarta.xml.bind\jakarta.xml.bind-api\4.0.0\bbb399208d288b15ec101fa4fcfc4bd77cedc97a\jakarta.xml.bind-api-4.0.0.jar;C:\Users\HP\.gradle\caches\modules-2\files-2.1\jakarta.inject\jakarta.inject-api\2.0.1\4c28afe1991a941d7702fe1362c365f0a8641d1e\jakarta.inject-api-2.0.1.jar;C:\Users\HP\.gradle\caches\modules-2\files-2.1\org.glassfish.jaxb\jaxb-core\4.0.2\8c29249f6c10f4ee08967783831580b0f5c5360\jaxb-core-4.0.2.jar;C:\Users\HP\.gradle\caches\modules-2\files-2.1\jakarta.activation\jakarta.activation-api\2.1.1\88c774ab863a21fb2fc4219af95379fafe499a31\jakarta.activation-api-2.1.1.jar;C:\Users\HP\.gradle\caches\modules-2\files-2.1\org.eclipse.angus\angus-activation\2.0.0\72369f4e2314d38de2dcbb277141ef0226f73151\angus-activation-2.0.0.jar;C:\Users\HP\.gradle\caches\modules-2\files-2.1\org.glassfish.jaxb\txw2\4.0.2\24e167be69c29ebb7ee0a3b1f9b546f1dfd111fc\txw2-4.0.2.jar;C:\Users\HP\.gradle\caches\modules-2\files-2.1\com.sun.istack\istack-commons-runtime\4.1.1\9b3769c76235bc283b060da4fae2318c6d53f07e\istack-commons-runtime-4.1.1.jar
Launcher Type: SUN_STANDARD

[Global flags]
     intx CICompilerCount                          = 4                                         {product} {ergonomic}
     uint ConcGCThreads                            = 2                                         {product} {ergonomic}
     uint G1ConcRefinementThreads                  = 8                                         {product} {ergonomic}
   size_t G1HeapRegionSize                         = 2097152                                   {product} {ergonomic}
   size_t InitialHeapSize                          = 266338304                                 {product} {ergonomic}
     bool ManagementServer                         = true                                      {product} {command line}
   size_t MarkStackSize                            = 4194304                                   {product} {ergonomic}
   size_t MaxHeapSize                              = 4244635648                                {product} {ergonomic}
   size_t MinHeapDeltaBytes                        = 2097152                                   {product} {ergonomic}
   size_t MinHeapSize                              = 8388608                                   {product} {ergonomic}
    uintx NonNMethodCodeHeapSize                   = 4096                                   {pd product} {ergonomic}
    uintx NonProfiledCodeHeapSize                  = 0                                      {pd product} {ergonomic}
     bool ProfileInterpreter                       = false                                  {pd product} {command line}
    uintx ProfiledCodeHeapSize                     = 0                                      {pd product} {ergonomic}
   size_t SoftMaxHeapSize                          = 4244635648                             {manageable} {ergonomic}
     intx TieredStopAtLevel                        = 1                                         {product} {command line}
     bool UseCompressedOops                        = true                           {product lp64_product} {ergonomic}
     bool UseG1GC                                  = true                                      {product} {ergonomic}
     bool UseLargePagesIndividualAllocation        = false                                  {pd product} {ergonomic}

Logging:
Log output configuration:
 #0: stdout all=warning uptime,level,tags foldmultilines=false
 #1: stderr all=off uptime,level,tags foldmultilines=false

Environment Variables:
PATH=C:\Program Files\Common Files\Oracle\Java\javapath;C:\Windows\system32;C:\Windows;C:\Windows\System32\Wbem;C:\Windows\System32\WindowsPowerShell\v1.0\;C:\Windows\System32\OpenSSH\;C:\msys64\mingw64\bin;C:\Program Files\Microsoft SQL Server\150\Tools\Binn\;C:\Program Files\Microsoft SQL Server\Client SDK\ODBC\170\Tools\Binn\;C:\Program Files\dotnet\;C:\Program Files\MySQL\MySQL Server 8.0\bin;C:\Program Files\Git\cmd;C:\Program Files (x86)\NVIDIA Corporation\PhysX\Common;C:\Program Files\NVIDIA Corporation\NVIDIA NvDLISR;C:\Program Files\nodejs\;C:\Program Files\Docker\Docker\resources\bin;C:\Users\HP\AppData\Local\Microsoft\WindowsApps;C:\Users\HP\AppData\Local\Programs\Microsoft VS Code\bin;C:\Users\HP\.dotnet\tools;C:\Program Files\JetBrains\IntelliJ IDEA Community Edition 2023.1.2\bin;;C:\Users\HP\AppData\Local\GitHubDesktop\bin;C:\Users\HP\AppData\Roaming\npm;C:\Program Files\JetBrains\IntelliJ IDEA 2022.2\bin;
USERNAME=HP
OS=Windows_NT
PROCESSOR_IDENTIFIER=Intel64 Family 6 Model 165 Stepping 2, GenuineIntel
TMP=C:\Users\HP\AppData\Local\Temp
TEMP=C:\Users\HP\AppData\Local\Temp




Periodic native trim disabled

---------------  S Y S T E M  ---------------

OS:
 Windows 10 , 64 bit Build 19041 (10.0.19041.3636)
OS uptime: 0 days 5:52 hours
Hyper-V role detected

CPU: total 8 (initial active 8) (4 cores per cpu, 2 threads per core) family 6 model 165 stepping 2 microcode 0xf0, cx8, cmov, fxsr, ht, mmx, 3dnowpref, sse, sse2, sse3, ssse3, sse4.1, sse4.2, popcnt, lzcnt, tsc, tscinvbit, avx, avx2, aes, erms, clmul, bmi1, bmi2, adx, fma, vzeroupper, clflush, clflushopt, hv, rdtscp, f16c
Processor Information for all 8 processors :
  Max Mhz: 2496, Current Mhz: 2496, Mhz Limit: 2496

Memory: 4k page, system-wide physical 16185M (1396M free)
TotalPageFile size 20281M (AvailPageFile size 7M)
current process WorkingSet (physical memory assigned to process): 11M, peak: 11M
current process commit charge ("private bytes"): 310M, peak: 314M

vm_info: OpenJDK 64-Bit Server VM (22.0.1+8-16) for windows-amd64 JRE (22.0.1+8-16), built on 2024-03-12T10:33:16Z by "mach5one" with MS VC++ 17.6 (VS2022)

END.
